Arguments: 
  /usr/local/bin/node /usr/local/Cellar/yarn/1.22.4/libexec/bin/yarn.js --json

PATH: 
  /Users/joyliu/Desktop/Projects/HackRice/involvepedia/node_modules/.bin:/Users/joyliu/Desktop/Projects/HackRice/node_modules/.bin:/Users/joyliu/Desktop/Projects/node_modules/.bin:/Users/joyliu/Desktop/node_modules/.bin:/Users/joyliu/node_modules/.bin:/Users/node_modules/.bin:/node_modules/.bin:/usr/local/bin:/Users/joyliu/Desktop/Projects/HackRice/node_modules/.bin:/Users/joyliu/Desktop/Projects/node_modules/.bin:/Users/joyliu/Desktop/node_modules/.bin:/Users/joyliu/node_modules/.bin:/Users/node_modules/.bin:/node_modules/.bin:/usr/local/bin:/usr/local/bin:/Users/joyliu/.cargo/bin:/Users/joyliu/.cargo/bin:/anaconda3/bin:/anaconda3/condabin:/usr/local/bin:/usr/bin:/bin:/usr/sbin:/sbin:/Library/Frameworks/Mono.framework/Versions/Current/Commands

Yarn version: 
  1.22.4

Node version: 
  12.18.3

Platform: 
  darwin x64

Trace: 
  Error: https://registry.yarnpkg.com/rxjs/-/rxjs-6.6.3.tgz: ESOCKETTIMEDOUT
      at ClientRequest.<anonymous> (/usr/local/Cellar/yarn/1.22.4/libexec/lib/cli.js:141375:19)
      at Object.onceWrapper (events.js:421:28)
      at ClientRequest.emit (events.js:315:20)
      at TLSSocket.emitRequestTimeout (_http_client.js:709:9)
      at Object.onceWrapper (events.js:421:28)
      at TLSSocket.emit (events.js:327:22)
      at TLSSocket.Socket._onTimeout (net.js:482:8)
      at listOnTimeout (internal/timers.js:549:17)
      at processTimers (internal/timers.js:492:7)

npm manifest: 
  {
    "name": "involvepedia",
    "version": "0.1.0",
    "private": true,
    "devDependencies": {
      "@vue/cli-plugin-babel": "~4.5.0",
      "@vue/cli-plugin-eslint": "~4.5.0",
      "@vue/cli-service": "~4.5.0"
    }
  }

yarn manifest: 
  No manifest

Lockfile: 
  No lockfile
